<?xml version="1.0" encoding="UTF-8"?>
<!-- Generated by org.testng.reporters.JUnitXMLReporter -->
<testsuite hostname="Mayank-PC" ignored="0" name="Default test" tests="3" failures="0" timestamp="06 May 2020 16:55:18 GMT" time="27.11" errors="0">
  <testcase name="testMethod" time="3.766" classname="guru99.DataProviderSimple"/>
  <testcase name="testMethod" time="3.277" classname="guru99.DataProviderSimple"/>
  <testcase name="testMethod" time="3.257" classname="guru99.DataProviderSimple"/>
</testsuite> <!-- Default test -->
