<?xml version="1.0" encoding="UTF-8"?>
<!-- Generated by org.testng.reporters.JUnitXMLReporter -->
<testsuite hostname="Mayank-PC" ignored="0" name="Default test" tests="3" failures="0" timestamp="05 May 2020 03:11:39 GMT" time="96.518" errors="0">
  <testcase name="notVisibleTest" time="23.746" classname="dmitry.NoSuchElementException"/>
  <testcase name="timeoutTest" time="13.261" classname="dmitry.NoSuchElementException"/>
  <testcase name="noSuchElementTest" time="9.843" classname="dmitry.NoSuchElementException"/>
</testsuite> <!-- Default test -->
