<?xml version="1.0" encoding="UTF-8"?>
<!-- Generated by org.testng.reporters.JUnitXMLReporter -->
<testsuite hostname="Mayank-PC" ignored="2" name="Exceptions Test" tests="1" failures="0" timestamp="05 May 2020 03:21:42 GMT" time="23.043" errors="0">
  <testcase name="noSuchElementTest" time="10.477" classname="dmitry.NoSuchElementException"/>
  <testcase name="notVisibleTest" time="0.0" classname="dmitry.NoSuchElementException">
    <ignored/>
  </testcase> <!-- notVisibleTest -->
  <testcase name="timeoutTest" time="0.0" classname="dmitry.NoSuchElementException">
    <ignored/>
  </testcase> <!-- timeoutTest -->
</testsuite> <!-- Exceptions Test -->
