<?xml version="1.0" encoding="UTF-8"?>
<!-- Generated by org.testng.reporters.JUnitXMLReporter -->
<testsuite hostname="Mayank-PC" ignored="1" name="NegativeUsernameTests" tests="1" failures="0" timestamp="04 May 2020 03:24:50 GMT" time="21.492" errors="0">
  <testcase name="negativeLoginTest" time="12.616" classname="dmitry.LoginTests"/>
  <testcase name="positiveLoginTest" time="0.0" classname="dmitry.LoginTests">
    <ignored/>
  </testcase> <!-- positiveLoginTest -->
</testsuite> <!-- NegativeUsernameTests -->
