<?xml version="1.0" encoding="UTF-8"?>
<!-- Generated by org.testng.reporters.JUnitXMLReporter -->
<testsuite hostname="Mayank-PC" ignored="1" name="NegativeTests" tests="1" failures="0" timestamp="03 May 2020 15:57:51 GMT" time="37.545" errors="0">
  <testcase name="incorrectUsernameTest" time="37.358" classname="dmitry.NegativeTest"/>
  <testcase name="incorrectPasswordTest" time="0.0" classname="dmitry.NegativeTest">
    <ignored/>
  </testcase> <!-- incorrectPasswordTest -->
</testsuite> <!-- NegativeTests -->
