<?xml version="1.0" encoding="UTF-8"?>
<!-- Generated by org.testng.reporters.JUnitXMLReporter -->
<testsuite hostname="Mayank-PC" ignored="1" name="PositiveTests" tests="1" failures="0" timestamp="04 May 2020 03:24:28 GMT" time="19.29" errors="0">
  <testcase name="positiveLoginTest" time="9.727" classname="dmitry.LoginTests"/>
  <testcase name="negativeLoginTest" time="0.0" classname="dmitry.LoginTests">
    <ignored/>
  </testcase> <!-- negativeLoginTest -->
</testsuite> <!-- PositiveTests -->
