<?xml version="1.0" encoding="UTF-8"?>
<!-- Generated by org.testng.reporters.JUnitXMLReporter -->
<testsuite hostname="Mayank-PC" ignored="1" name="example1" tests="3" failures="0" timestamp="06 May 2020 17:29:56 GMT" time="25.844" errors="0">
  <testcase name="testMethodA" time="3.37" classname="guru99.ParameterByITestContextInDataprovider"/>
  <testcase name="testMethodA" time="3.235" classname="guru99.ParameterByITestContextInDataprovider"/>
  <testcase name="testMethodA" time="3.236" classname="guru99.ParameterByITestContextInDataprovider"/>
  <testcase name="testMethodB" time="0.0" classname="guru99.ParameterByITestContextInDataprovider">
    <ignored/>
  </testcase> <!-- testMethodB -->
</testsuite> <!-- example1 -->
