<?xml version="1.0" encoding="UTF-8"?>
<!-- Generated by org.testng.reporters.JUnitXMLReporter -->
<testsuite hostname="Mayank-PC" ignored="1" name="example2" tests="3" failures="0" timestamp="06 May 2020 17:30:13 GMT" time="16.145" errors="0">
  <testcase name="testMethodB" time="3.345" classname="guru99.ParameterByITestContextInDataprovider"/>
  <testcase name="testMethodB" time="3.256" classname="guru99.ParameterByITestContextInDataprovider"/>
  <testcase name="testMethodB" time="3.247" classname="guru99.ParameterByITestContextInDataprovider"/>
  <testcase name="testMethodA" time="0.0" classname="guru99.ParameterByITestContextInDataprovider">
    <ignored/>
  </testcase> <!-- testMethodA -->
</testsuite> <!-- example2 -->
